2021-05-10 13:49:24,474 - INFO -> Run DBSCAN with PARAMS [eps = 0.25, minClusterSize = 2, mode = 5, weights = [20, 20, 20, 20, 20]]
2021-05-10 13:52:09,080 - DEBUG -> Labels [[-1 -1  0 -1 -1  0  0  0  0  1  0  2  3  4  0  5  0 -1 -1  0  6  0  0 -1
  7 -1  0 -1  0  6  8  0  7 -1 -1 -1  9 10  0 10 -1  0 11 -1 -1 12 11 -1
 -1  0  8  0 13 -1  2 -1  7  5 -1  0  8  0  5 14 14 13  9 -1  0  0  1 -1
 15 -1 10  5 -1 -1 -1 11 -1 16 16 11  9 15  0 -1  8 -1 -1 -1 -1 12 14 -1
  2 17  3 17 -1  5 13 -1 18 18 14  7  9 -1  3 -1 -1 -1 -1 -1 -1 -1 -1 -1
  9 -1 14  8 -1 18 -1 -1  2 -1 -1 -1  2  4  9 -1  8  3 14  9 -1  2  2 -1
 -1  8  8  8  2  2 -1 -1  8 -1  8  2  8  2 -1 -1  2  2  2 -1  2  3  3  2
  8 -1  2]]
2021-05-10 13:57:28,644 - INFO -> Run DBSCAN with PARAMS [eps = 0.25, minClusterSize = 2, mode = 5, weights = [10, 10, 30, 40, 10]]
2021-05-10 14:00:10,906 - DEBUG -> Labels [[-1 -1  0 -1 -1  0  0  0  0  1  0  2  3  4  0  0  0 -1 -1  0  5  0  0 -1
 -1  4  0  6  0  5  7  0  8  9  6 -1 10 11  0 11  9  0 -1 -1 -1  6 12 -1
 -1  0  7  0 -1 -1  2 -1  8 -1 -1  0  7  0 -1 13 13 -1 10 -1  0  0  1 -1
 14 -1 11 -1 -1 -1 -1 -1 -1 15 15 12 10 14  0 -1  7 -1 -1 -1 -1  6 13 -1
  2  2  3  2  6 16 -1  2  2  2 13 16 10 -1  3 -1 -1 -1 -1 -1 -1 -1 -1 -1
 10 -1 13  7 -1  2 -1 -1  2 -1 -1 -1  2  4 10 -1  7  3 13 10 -1  2  2 -1
  4  7  7  7  2  2 -1 -1  7 -1  7  2  7  2 -1 -1  2  2  2 -1  2  3  3  2
  7 -1  2]]
2021-05-10 14:04:33,409 - INFO -> Run DBSCAN with PARAMS [eps = 0.25, minClusterSize = 2, mode = 5, weights = [60, 10, 10, 10, 10]]
2021-05-10 14:07:16,580 - DEBUG -> Labels [[-1 -1  0  0  0  0  0  0  0  1  0  2  3  4  0  0  0 -1 -1  0  0  0  0 -1
 -1 -1  0 -1  0  0  5  0 -1 -1  0  0  6  7  0  7  8  0  0 -1  0  0  0 -1
  0  0  5  0 -1 -1  2 -1  0  0 -1  0  5  0  0  9  9 -1  6 -1  0  0  1 -1
 10 -1  7  8  0 -1  0  0 -1 11 11  0  6 10  0  0  5 -1 -1 -1 -1 -1  9 -1
  2 12  3 12  0  0  0 -1 13 13  9  0  6 -1  3 -1 -1 -1 -1  0 -1 -1 -1 -1
  6 -1  9  5 -1 13 -1 -1  2 -1 -1 -1  2  4  6 -1  5  3  9  6 -1  2  2 -1
 -1  5  5  5  2  2 -1 -1  5 -1  5  2  5  2 -1 -1  2  2  2 -1  2  3  3  2
  5 -1  2]]
